<?xml version="1.0" encoding="UTF-8"?>
<!-- Generated by org.testng.reporters.JUnitReportReporter -->
<testsuite hostname="DESKTOP-CCPG5IB" failures="0" tests="5" name="orangehrm.Orangehrm" time="26.790" errors="0" timestamp="2024-02-19T18:30:22 IST" skipped="0">
  <testcase classname="orangehrm.Orangehrm" name="EnterTheULRInBrowser" time="17.666"/>
  <system-out/>
  <testcase classname="orangehrm.Orangehrm" name="user_enter_the_vaild_username_and_password" time="0.994"/>
  <system-out/>
  <testcase classname="orangehrm.Orangehrm" name="click_on_login_button" time="7.234"/>
  <system-out/>
  <testcase classname="orangehrm.Orangehrm" name="user_is_navigated_to_home_page" time="0.147"/>
  <system-out/>
  <testcase classname="orangehrm.Orangehrm" name="close_the_browser" time="0.749"/>
  <system-out/>
</testsuite> <!-- orangehrm.Orangehrm -->
